<?xml version="1.0" encoding="UTF-8"?>
<!-- Generated by org.testng.reporters.JUnitReportReporter -->
<testsuite hostname="LAPTOP-J8S3LOPL" failures="0" tests="1" name="TestClasses.StandAloneTestClass" time="1.015" errors="0" timestamp="2025-06-19T23:38:17 IST" skipped="0">
  <testcase classname="TestClasses.StandAloneTestClass" name="test" time="1.015"/>
  <system-out/>
</testsuite> <!-- TestClasses.StandAloneTestClass -->
