<?xml version="1.0" encoding="UTF-8"?>
<!-- Generated by org.testng.reporters.JUnitReportReporter -->
<testsuite hostname="LAPTOP-J8S3LOPL" failures="0" tests="1" name="TestClasses.SeleniumHubAndNodePrac" time="0.036" errors="0" timestamp="2025-08-11T11:13:31 IST" skipped="0">
  <testcase classname="TestClasses.SeleniumHubAndNodePrac" name="firstTest" time="0.036"/>
</testsuite> <!-- TestClasses.SeleniumHubAndNodePrac -->
