<?xml version="1.0" encoding="UTF-8"?>
<!-- Generated by org.testng.reporters.JUnitReportReporter -->
<testsuite hostname="LAPTOP-J8S3LOPL" failures="0" tests="1" name="SeleniumGridPrac.gridPracClass" time="2.884" errors="0" timestamp="2025-08-29T11:51:05 IST" skipped="0">
  <testcase classname="SeleniumGridPrac.gridPracClass" name="gridTest" time="2.884"/>
</testsuite> <!-- SeleniumGridPrac.gridPracClass -->
